0 info it worked if it ends with ok
1 verbose cli [ '/opt/atom/resources/app/apm/bin/node',
1 verbose cli   '/opt/atom/resources/app/apm/node_modules/npm/bin/npm-cli.js',
1 verbose cli   'version',
1 verbose cli   'minor',
1 verbose cli   '-m',
1 verbose cli   'Prepare %s release' ]
2 info using npm@3.10.5
3 info using node@v4.4.5
4 info git [ 'status', '--porcelain' ]
5 verbose stack Error: Git working directory not clean.
5 verbose stack M grammars/language-bison-flex.cson
5 verbose stack M styles/language-bison-flex.less
5 verbose stack     at /opt/atom/resources/app/apm/node_modules/npm/lib/version.js:247:19
5 verbose stack     at /opt/atom/resources/app/apm/node_modules/npm/lib/utils/no-progress-while-running.js:21:8
5 verbose stack     at ChildProcess.exithandler (child_process.js:204:7)
5 verbose stack     at emitTwo (events.js:87:13)
5 verbose stack     at ChildProcess.emit (events.js:172:7)
5 verbose stack     at maybeClose (internal/child_process.js:827:16)
5 verbose stack     at Process.ChildProcess._handle.onexit (internal/child_process.js:211:5)
6 verbose cwd /home/adrylen/.atom/packages/language-bison-flex
7 error Linux 4.4.0-47-generic
8 error argv "/opt/atom/resources/app/apm/bin/node" "/opt/atom/resources/app/apm/node_modules/npm/bin/npm-cli.js" "version" "minor" "-m" "Prepare %s release"
9 error node v4.4.5
10 error npm  v3.10.5
11 error Git working directory not clean.
11 error M grammars/language-bison-flex.cson
11 error M styles/language-bison-flex.less
12 error If you need help, you may report this error at:
12 error     <https://github.com/npm/npm/issues>
13 verbose exit [ 1, true ]
